2017-04-20 09:12:11.813 [main] INFO  com.ukefu.webim.Application - Starting Application on admin-PC with PID 4112 (E:\project\chenvaKefu\target\classes started by admin in E:\project\chenvaKefu)
2017-04-20 09:12:11.816 [main] INFO  com.ukefu.webim.Application - No active profile set, falling back to default profiles: default
2017-04-20 09:12:12.542 [main] INFO  o.s.b.c.e.AnnotationConfigEmbeddedWebApplicationContext - Refreshing org.springframework.boot.context.embedded.AnnotationConfigEmbeddedWebApplicationContext@1c852c0f: startup date [Thu Apr 20 09:12:12 CST 2017]; root of context hierarchy
2017-04-20 09:12:13.045 [background-preinit] INFO  org.hibernate.validator.internal.util.Version - HV000001: Hibernate Validator 5.3.4.Final
2017-04-20 09:12:16.415 [main] INFO  o.s.beans.factory.xml.XmlBeanDefinitionReader - Loading XML bean definitions from class path resource [config/applicationContext-snaker.xml]
2017-04-20 09:12:18.268 [main] INFO  o.s.c.s.PostProcessorRegistrationDelegate$BeanPostProcessorChecker - Bean 'org.springframework.transaction.annotation.ProxyTransactionManagementConfiguration' of type [org.springframework.transaction.annotation.ProxyTransactionManagementConfiguration$$EnhancerBySpringCGLIB$$eaf3d3d0] is not eligible for getting processed by all BeanPostProcessors (for example: not eligible for auto-proxying)
2017-04-20 09:12:18.305 [main] INFO  o.s.c.s.PostProcessorRegistrationDelegate$BeanPostProcessorChecker - Bean 'IMServerConfiguration' of type [com.ukefu.webim.config.web.IMServerConfiguration$$EnhancerBySpringCGLIB$$c944bff1] is not eligible for getting processed by all BeanPostProcessors (for example: not eligible for auto-proxying)
2017-04-20 09:12:18.588 [main] INFO  o.s.c.s.PostProcessorRegistrationDelegate$BeanPostProcessorChecker - Bean 'socketIOServer' of type [com.corundumstudio.socketio.SocketIOServer] is not eligible for getting processed by all BeanPostProcessors (for example: not eligible for auto-proxying)
2017-04-20 09:12:19.321 [main] INFO  o.s.b.c.e.tomcat.TomcatEmbeddedServletContainer - Tomcat initialized with port(s): 880 (http)
2017-04-20 09:12:19.355 [main] INFO  org.apache.catalina.core.StandardService - Starting service Tomcat
2017-04-20 09:12:19.356 [main] INFO  org.apache.catalina.core.StandardEngine - Starting Servlet Engine: Apache Tomcat/8.5.11
2017-04-20 09:12:19.565 [localhost-startStop-1] INFO  o.a.c.core.ContainerBase.[Tomcat].[localhost].[/] - Initializing Spring embedded WebApplicationContext
2017-04-20 09:12:19.565 [localhost-startStop-1] INFO  org.springframework.web.context.ContextLoader - Root WebApplicationContext: initialization completed in 7023 ms
2017-04-20 09:12:19.724 [localhost-startStop-1] INFO  o.s.boot.web.servlet.ServletRegistrationBean - Mapping servlet: 'dispatcherServlet' to [/]
2017-04-20 09:12:19.728 [localhost-startStop-1] INFO  o.s.boot.web.servlet.FilterRegistrationBean - Mapping filter: 'characterEncodingFilter' to: [/*]
2017-04-20 09:12:19.728 [localhost-startStop-1] INFO  o.s.boot.web.servlet.FilterRegistrationBean - Mapping filter: 'hiddenHttpMethodFilter' to: [/*]
2017-04-20 09:12:19.729 [localhost-startStop-1] INFO  o.s.boot.web.servlet.FilterRegistrationBean - Mapping filter: 'httpPutFormContentFilter' to: [/*]
2017-04-20 09:12:19.729 [localhost-startStop-1] INFO  o.s.boot.web.servlet.FilterRegistrationBean - Mapping filter: 'requestContextFilter' to: [/*]
2017-04-20 09:12:20.406 [main] INFO  com.hazelcast.instance.DefaultAddressPicker - [LOCAL] [UCKeFu] [3.8] Prefer IPv4 stack is true.
2017-04-20 09:12:20.466 [main] INFO  com.hazelcast.instance.DefaultAddressPicker - [LOCAL] [UCKeFu] [3.8] Picked [192.168.0.109]:5701, using socket ServerSocket[addr=/0:0:0:0:0:0:0:0,localport=5701], bind any local is true
2017-04-20 09:12:20.488 [main] INFO  com.hazelcast.system - [192.168.0.109]:5701 [UCKeFu] [3.8] Hazelcast 3.8 (20170217 - d7998b4) starting at [192.168.0.109]:5701
2017-04-20 09:12:20.488 [main] INFO  com.hazelcast.system - [192.168.0.109]:5701 [UCKeFu] [3.8] Copyright (c) 2008-2017, Hazelcast, Inc. All Rights Reserved.
2017-04-20 09:12:20.488 [main] INFO  com.hazelcast.system - [192.168.0.109]:5701 [UCKeFu] [3.8] Configured Hazelcast Serialization version : 1
2017-04-20 09:12:21.121 [main] INFO  c.h.s.i.o.impl.BackpressureRegulator - [192.168.0.109]:5701 [UCKeFu] [3.8] Backpressure is disabled
2017-04-20 09:12:21.824 [main] INFO  com.hazelcast.instance.Node - [192.168.0.109]:5701 [UCKeFu] [3.8] Creating MulticastJoiner
2017-04-20 09:12:21.990 [main] INFO  c.h.s.i.o.impl.OperationExecutorImpl - [192.168.0.109]:5701 [UCKeFu] [3.8] Starting 8 partition threads
2017-04-20 09:12:21.991 [main] INFO  c.h.s.i.o.impl.OperationExecutorImpl - [192.168.0.109]:5701 [UCKeFu] [3.8] Starting 5 generic threads (1 dedicated for priority tasks)
2017-04-20 09:12:21.996 [main] INFO  com.hazelcast.core.LifecycleService - [192.168.0.109]:5701 [UCKeFu] [3.8] [192.168.0.109]:5701 is STARTING
2017-04-20 09:12:25.313 [main] INFO  com.hazelcast.system - [192.168.0.109]:5701 [UCKeFu] [3.8] Cluster version set to 3.8
2017-04-20 09:12:25.315 [main] INFO  c.hazelcast.internal.cluster.impl.MulticastJoiner - [192.168.0.109]:5701 [UCKeFu] [3.8] 


Members [1] {
	Member [192.168.0.109]:5701 - 370f73ed-f97a-4ff0-9312-f58281eabbe6 this
}

2017-04-20 09:12:25.465 [main] INFO  com.hazelcast.core.LifecycleService - [192.168.0.109]:5701 [UCKeFu] [3.8] [192.168.0.109]:5701 is STARTED
2017-04-20 09:12:25.989 [main] INFO  com.alibaba.druid.pool.DruidDataSource - {dataSource-1} inited
2017-04-20 09:12:26.351 [main] INFO  o.s.orm.jpa.LocalContainerEntityManagerFactoryBean - Building JPA container EntityManagerFactory for persistence unit 'default'
2017-04-20 09:12:26.385 [main] INFO  org.hibernate.jpa.internal.util.LogHelper - HHH000204: Processing PersistenceUnitInfo [
	name: default
	...]
2017-04-20 09:12:26.507 [main] INFO  org.hibernate.Version - HHH000412: Hibernate Core {5.0.12.Final}
2017-04-20 09:12:26.508 [main] INFO  org.hibernate.cfg.Environment - HHH000206: hibernate.properties not found
2017-04-20 09:12:26.510 [main] INFO  org.hibernate.cfg.Environment - HHH000021: Bytecode provider name : javassist
2017-04-20 09:12:26.583 [main] INFO  org.hibernate.annotations.common.Version - HCANN000001: Hibernate Commons Annotations {5.0.1.Final}
2017-04-20 09:12:28.382 [main] INFO  org.hibernate.dialect.Dialect - HHH000400: Using dialect: org.hibernate.dialect.MySQL5Dialect
2017-04-20 09:12:29.891 [main] INFO  o.s.orm.jpa.LocalContainerEntityManagerFactoryBean - Initialized JPA EntityManagerFactory for persistence unit 'default'
2017-04-20 09:12:31.360 [main] INFO  o.h.hql.internal.QueryTranslatorFactoryInitiator - HHH000397: Using ASTQueryTranslatorFactory
2017-04-20 09:12:31.969 [main] INFO  o.s.w.s.m.m.a.RequestMappingHandlerAdapter - Looking for @ControllerAdvice: org.springframework.boot.context.embedded.AnnotationConfigEmbeddedWebApplicationContext@1c852c0f: startup date [Thu Apr 20 09:12:12 CST 2017]; root of context hierarchy
2017-04-20 09:12:32.569 [main] INFO  o.s.w.s.m.m.a.RequestMappingHandlerMapping - Mapped "{[/admin]}" onto public org.springframework.web.servlet.ModelAndView com.ukefu.webim.web.handler.admin.AdminController.index(org.springframework.ui.ModelMap,javax.servlet.http.HttpServletRequest)
2017-04-20 09:12:32.570 [main] INFO  o.s.w.s.m.m.a.RequestMappingHandlerMapping - Mapped "{[/admin/content]}" onto public org.springframework.web.servlet.ModelAndView com.ukefu.webim.web.handler.admin.AdminController.content(org.springframework.ui.ModelMap,javax.servlet.http.HttpServletRequest)
2017-04-20 09:12:32.571 [main] INFO  o.s.w.s.m.m.a.RequestMappingHandlerMapping - Mapped "{[/admin/config/index]}" onto public org.springframework.web.servlet.ModelAndView com.ukefu.webim.web.handler.admin.config.SystemConfigController.index(org.springframework.ui.ModelMap,javax.servlet.http.HttpServletRequest) throws java.sql.SQLException
2017-04-20 09:12:32.572 [main] INFO  o.s.w.s.m.m.a.RequestMappingHandlerMapping - Mapped "{[/admin/config/stop]}" onto public org.springframework.web.servlet.ModelAndView com.ukefu.webim.web.handler.admin.config.SystemConfigController.stop(org.springframework.ui.ModelMap,javax.servlet.http.HttpServletRequest) throws java.sql.SQLException
2017-04-20 09:12:32.572 [main] INFO  o.s.w.s.m.m.a.RequestMappingHandlerMapping - Mapped "{[/admin/config/save]}" onto public org.springframework.web.servlet.ModelAndView com.ukefu.webim.web.handler.admin.config.SystemConfigController.save(org.springframework.ui.ModelMap,javax.servlet.http.HttpServletRequest,com.ukefu.webim.web.model.SystemConfig,org.springframework.web.multipart.MultipartFile) throws java.sql.SQLException,java.io.IOException,java.security.NoSuchAlgorithmException
2017-04-20 09:12:32.572 [main] INFO  o.s.w.s.m.m.a.RequestMappingHandlerMapping - Mapped "{[/admin/config/stopimserver]}" onto public org.springframework.web.servlet.ModelAndView com.ukefu.webim.web.handler.admin.config.SystemConfigController.stopimserver(org.springframework.ui.ModelMap,javax.servlet.http.HttpServletRequest) throws java.sql.SQLException
2017-04-20 09:12:32.574 [main] INFO  o.s.w.s.m.m.a.RequestMappingHandlerMapping - Mapped "{[/admin/organ/index]}" onto public org.springframework.web.servlet.ModelAndView com.ukefu.webim.web.handler.admin.organ.OrganController.index(org.springframework.ui.ModelMap,javax.servlet.http.HttpServletRequest,java.lang.String)
2017-04-20 09:12:32.575 [main] INFO  o.s.w.s.m.m.a.RequestMappingHandlerMapping - Mapped "{[/admin/organ/add]}" onto public org.springframework.web.servlet.ModelAndView com.ukefu.webim.web.handler.admin.organ.OrganController.add(org.springframework.ui.ModelMap,javax.servlet.http.HttpServletRequest)
2017-04-20 09:12:32.575 [main] INFO  o.s.w.s.m.m.a.RequestMappingHandlerMapping - Mapped "{[/admin/organ/update]}" onto public org.springframework.web.servlet.ModelAndView com.ukefu.webim.web.handler.admin.organ.OrganController.update(javax.servlet.http.HttpServletRequest,com.ukefu.webim.web.model.Organ)
2017-04-20 09:12:32.575 [main] INFO  o.s.w.s.m.m.a.RequestMappingHandlerMapping - Mapped "{[/admin/organ/delete]}" onto public org.springframework.web.servlet.ModelAndView com.ukefu.webim.web.handler.admin.organ.OrganController.delete(javax.servlet.http.HttpServletRequest,com.ukefu.webim.web.model.Organ)
2017-04-20 09:12:32.575 [main] INFO  o.s.w.s.m.m.a.RequestMappingHandlerMapping - Mapped "{[/admin/organ/save]}" onto public org.springframework.web.servlet.ModelAndView com.ukefu.webim.web.handler.admin.organ.OrganController.save(javax.servlet.http.HttpServletRequest,com.ukefu.webim.web.model.Organ)
2017-04-20 09:12:32.575 [main] INFO  o.s.w.s.m.m.a.RequestMappingHandlerMapping - Mapped "{[/admin/organ/seluser]}" onto public org.springframework.web.servlet.ModelAndView com.ukefu.webim.web.handler.admin.organ.OrganController.seluser(org.springframework.ui.ModelMap,javax.servlet.http.HttpServletRequest,java.lang.String)
2017-04-20 09:12:32.575 [main] INFO  o.s.w.s.m.m.a.RequestMappingHandlerMapping - Mapped "{[/admin/organ/saveuser]}" onto public org.springframework.web.servlet.ModelAndView com.ukefu.webim.web.handler.admin.organ.OrganController.saveuser(javax.servlet.http.HttpServletRequest,java.lang.String[],java.lang.String)
2017-04-20 09:12:32.575 [main] INFO  o.s.w.s.m.m.a.RequestMappingHandlerMapping - Mapped "{[/admin/organ/user/delete]}" onto public org.springframework.web.servlet.ModelAndView com.ukefu.webim.web.handler.admin.organ.OrganController.userroledelete(javax.servlet.http.HttpServletRequest,java.lang.String,java.lang.String)
2017-04-20 09:12:32.576 [main] INFO  o.s.w.s.m.m.a.RequestMappingHandlerMapping - Mapped "{[/admin/organ/edit]}" onto public org.springframework.web.servlet.ModelAndView com.ukefu.webim.web.handler.admin.organ.OrganController.edit(org.springframework.ui.ModelMap,java.lang.String)
2017-04-20 09:12:32.580 [main] INFO  o.s.w.s.m.m.a.RequestMappingHandlerMapping - Mapped "{[/admin/role/index]}" onto public org.springframework.web.servlet.ModelAndView com.ukefu.webim.web.handler.admin.role.RoleController.index(org.springframework.ui.ModelMap,javax.servlet.http.HttpServletRequest,java.lang.String)
2017-04-20 09:12:32.580 [main] INFO  o.s.w.s.m.m.a.RequestMappingHandlerMapping - Mapped "{[/admin/role/add]}" onto public org.springframework.web.servlet.ModelAndView com.ukefu.webim.web.handler.admin.role.RoleController.add(org.springframework.ui.ModelMap,javax.servlet.http.HttpServletRequest)
2017-04-20 09:12:32.581 [main] INFO  o.s.w.s.m.m.a.RequestMappingHandlerMapping - Mapped "{[/admin/role/update]}" onto public org.springframework.web.servlet.ModelAndView com.ukefu.webim.web.handler.admin.role.RoleController.update(javax.servlet.http.HttpServletRequest,com.ukefu.webim.web.model.Role)
2017-04-20 09:12:32.581 [main] INFO  o.s.w.s.m.m.a.RequestMappingHandlerMapping - Mapped "{[/admin/role/delete]}" onto public org.springframework.web.servlet.ModelAndView com.ukefu.webim.web.handler.admin.role.RoleController.delete(javax.servlet.http.HttpServletRequest,com.ukefu.webim.web.model.Role)
2017-04-20 09:12:32.581 [main] INFO  o.s.w.s.m.m.a.RequestMappingHandlerMapping - Mapped "{[/admin/role/save]}" onto public org.springframework.web.servlet.ModelAndView com.ukefu.webim.web.handler.admin.role.RoleController.save(javax.servlet.http.HttpServletRequest,com.ukefu.webim.web.model.Role)
2017-04-20 09:12:32.581 [main] INFO  o.s.w.s.m.m.a.RequestMappingHandlerMapping - Mapped "{[/admin/role/seluser]}" onto public org.springframework.web.servlet.ModelAndView com.ukefu.webim.web.handler.admin.role.RoleController.seluser(org.springframework.ui.ModelMap,javax.servlet.http.HttpServletRequest,java.lang.String)
2017-04-20 09:12:32.581 [main] INFO  o.s.w.s.m.m.a.RequestMappingHandlerMapping - Mapped "{[/admin/role/saveuser]}" onto public org.springframework.web.servlet.ModelAndView com.ukefu.webim.web.handler.admin.role.RoleController.saveuser(javax.servlet.http.HttpServletRequest,java.lang.String[],java.lang.String)
2017-04-20 09:12:32.581 [main] INFO  o.s.w.s.m.m.a.RequestMappingHandlerMapping - Mapped "{[/admin/role/user/delete]}" onto public org.springframework.web.servlet.ModelAndView com.ukefu.webim.web.handler.admin.role.RoleController.userroledelete(javax.servlet.http.HttpServletRequest,java.lang.String,java.lang.String)
2017-04-20 09:12:32.582 [main] INFO  o.s.w.s.m.m.a.RequestMappingHandlerMapping - Mapped "{[/admin/role/edit]}" onto public org.springframework.web.servlet.ModelAndView com.ukefu.webim.web.handler.admin.role.RoleController.edit(org.springframework.ui.ModelMap,java.lang.String)
2017-04-20 09:12:32.583 [main] INFO  o.s.w.s.m.m.a.RequestMappingHandlerMapping - Mapped "{[/admin/metadata/index]}" onto public org.springframework.web.servlet.ModelAndView com.ukefu.webim.web.handler.admin.system.MetadataController.index(org.springframework.ui.ModelMap,javax.servlet.http.HttpServletRequest) throws java.sql.SQLException
2017-04-20 09:12:32.584 [main] INFO  o.s.w.s.m.m.a.RequestMappingHandlerMapping - Mapped "{[/admin/metadata/update]}" onto public org.springframework.web.servlet.ModelAndView com.ukefu.webim.web.handler.admin.system.MetadataController.update(org.springframework.ui.ModelMap,javax.servlet.http.HttpServletRequest,com.ukefu.webim.web.model.MetadataTable) throws java.sql.SQLException
2017-04-20 09:12:32.584 [main] INFO  o.s.w.s.m.m.a.RequestMappingHandlerMapping - Mapped "{[/admin/metadata/delete]}" onto public org.springframework.web.servlet.ModelAndView com.ukefu.webim.web.handler.admin.system.MetadataController.delete(org.springframework.ui.ModelMap,javax.servlet.http.HttpServletRequest,java.lang.String) throws java.sql.SQLException
2017-04-20 09:12:32.584 [main] INFO  o.s.w.s.m.m.a.RequestMappingHandlerMapping - Mapped "{[/admin/metadata/table]}" onto public org.springframework.web.servlet.ModelAndView com.ukefu.webim.web.handler.admin.system.MetadataController.table(org.springframework.ui.ModelMap,javax.servlet.http.HttpServletRequest,java.lang.String) throws java.sql.SQLException
2017-04-20 09:12:32.584 [main] INFO  o.s.w.s.m.m.a.RequestMappingHandlerMapping - Mapped "{[/admin/metadata/edit]}" onto public org.springframework.web.servlet.ModelAndView com.ukefu.webim.web.handler.admin.system.MetadataController.edit(org.springframework.ui.ModelMap,javax.servlet.http.HttpServletRequest,java.lang.String)
2017-04-20 09:12:32.584 [main] INFO  o.s.w.s.m.m.a.RequestMappingHandlerMapping - Mapped "{[/admin/metadata/properties/update]}" onto public org.springframework.web.servlet.ModelAndView com.ukefu.webim.web.handler.admin.system.MetadataController.propertiesupdate(org.springframework.ui.ModelMap,javax.servlet.http.HttpServletRequest,com.ukefu.webim.web.model.TableProperties) throws java.sql.SQLException
2017-04-20 09:12:32.584 [main] INFO  o.s.w.s.m.m.a.RequestMappingHandlerMapping - Mapped "{[/admin/metadata/properties/edit]}" onto public org.springframework.web.servlet.ModelAndView com.ukefu.webim.web.handler.admin.system.MetadataController.propertiesedit(org.springframework.ui.ModelMap,javax.servlet.http.HttpServletRequest,java.lang.String)
2017-04-20 09:12:32.585 [main] INFO  o.s.w.s.m.m.a.RequestMappingHandlerMapping - Mapped "{[/admin/metadata/batdelete]}" onto public org.springframework.web.servlet.ModelAndView com.ukefu.webim.web.handler.admin.system.MetadataController.batdelete(org.springframework.ui.ModelMap,javax.servlet.http.HttpServletRequest,java.lang.String[]) throws java.sql.SQLException
2017-04-20 09:12:32.585 [main] INFO  o.s.w.s.m.m.a.RequestMappingHandlerMapping - Mapped "{[/admin/metadata/properties/delete]}" onto public org.springframework.web.servlet.ModelAndView com.ukefu.webim.web.handler.admin.system.MetadataController.propertiesdelete(org.springframework.ui.ModelMap,javax.servlet.http.HttpServletRequest,java.lang.String,java.lang.String) throws java.sql.SQLException
2017-04-20 09:12:32.585 [main] INFO  o.s.w.s.m.m.a.RequestMappingHandlerMapping - Mapped "{[/admin/metadata/imptbsave]}" onto public org.springframework.web.servlet.ModelAndView com.ukefu.webim.web.handler.admin.system.MetadataController.imptb(org.springframework.ui.ModelMap,javax.servlet.http.HttpServletRequest,java.lang.String[]) throws java.lang.Exception
2017-04-20 09:12:32.585 [main] INFO  o.s.w.s.m.m.a.RequestMappingHandlerMapping - Mapped "{[/admin/metadata/imptb]}" onto public org.springframework.web.servlet.ModelAndView com.ukefu.webim.web.handler.admin.system.MetadataController.imptb(org.springframework.ui.ModelMap,javax.servlet.http.HttpServletRequest) throws java.lang.Exception
2017-04-20 09:12:32.585 [main] INFO  o.s.w.s.m.m.a.RequestMappingHandlerMapping - Mapped "{[/admin/metadata/properties/batdelete]}" onto public org.springframework.web.servlet.ModelAndView com.ukefu.webim.web.handler.admin.system.MetadataController.propertiesbatdelete(org.springframework.ui.ModelMap,javax.servlet.http.HttpServletRequest,java.lang.String[],java.lang.String) throws java.sql.SQLException
2017-04-20 09:12:32.588 [main] INFO  o.s.w.s.m.m.a.RequestMappingHandlerMapping - Mapped "{[/admin/sysdic/index]}" onto public org.springframework.web.servlet.ModelAndView com.ukefu.webim.web.handler.admin.system.SysDicController.index(org.springframework.ui.ModelMap,javax.servlet.http.HttpServletRequest)
2017-04-20 09:12:32.589 [main] INFO  o.s.w.s.m.m.a.RequestMappingHandlerMapping - Mapped "{[/admin/sysdic/add]}" onto public org.springframework.web.servlet.ModelAndView com.ukefu.webim.web.handler.admin.system.SysDicController.add(org.springframework.ui.ModelMap,javax.servlet.http.HttpServletRequest)
2017-04-20 09:12:32.589 [main] INFO  o.s.w.s.m.m.a.RequestMappingHandlerMapping - Mapped "{[/admin/sysdic/update]}" onto public org.springframework.web.servlet.ModelAndView com.ukefu.webim.web.handler.admin.system.SysDicController.update(javax.servlet.http.HttpServletRequest,com.ukefu.webim.web.model.SysDic,java.lang.String)
2017-04-20 09:12:32.589 [main] INFO  o.s.w.s.m.m.a.RequestMappingHandlerMapping - Mapped "{[/admin/sysdic/delete]}" onto public org.springframework.web.servlet.ModelAndView com.ukefu.webim.web.handler.admin.system.SysDicController.delete(org.springframework.ui.ModelMap,javax.servlet.http.HttpServletRequest,java.lang.String,java.lang.String)
2017-04-20 09:12:32.589 [main] INFO  o.s.w.s.m.m.a.RequestMappingHandlerMapping - Mapped "{[/admin/sysdic/save]}" onto public org.springframework.web.servlet.ModelAndView com.ukefu.webim.web.handler.admin.system.SysDicController.save(javax.servlet.http.HttpServletRequest,com.ukefu.webim.web.model.SysDic)
2017-04-20 09:12:32.589 [main] INFO  o.s.w.s.m.m.a.RequestMappingHandlerMapping - Mapped "{[/admin/sysdic/edit]}" onto public org.springframework.web.servlet.ModelAndView com.ukefu.webim.web.handler.admin.system.SysDicController.edit(org.springframework.ui.ModelMap,javax.servlet.http.HttpServletRequest,java.lang.String,java.lang.String)
2017-04-20 09:12:32.590 [main] INFO  o.s.w.s.m.m.a.RequestMappingHandlerMapping - Mapped "{[/admin/sysdic/dicitem]}" onto public org.springframework.web.servlet.ModelAndView com.ukefu.webim.web.handler.admin.system.SysDicController.dicitem(org.springframework.ui.ModelMap,javax.servlet.http.HttpServletRequest,java.lang.String)
2017-04-20 09:12:32.590 [main] INFO  o.s.w.s.m.m.a.RequestMappingHandlerMapping - Mapped "{[/admin/sysdic/dicitem/add]}" onto public org.springframework.web.servlet.ModelAndView com.ukefu.webim.web.handler.admin.system.SysDicController.dicitemadd(org.springframework.ui.ModelMap,javax.servlet.http.HttpServletRequest,java.lang.String,java.lang.String)
2017-04-20 09:12:32.590 [main] INFO  o.s.w.s.m.m.a.RequestMappingHandlerMapping - Mapped "{[/admin/sysdic/dicitem/save]}" onto public org.springframework.web.servlet.ModelAndView com.ukefu.webim.web.handler.admin.system.SysDicController.dicitemsave(javax.servlet.http.HttpServletRequest,com.ukefu.webim.web.model.SysDic,java.lang.String)
2017-04-20 09:12:32.590 [main] INFO  o.s.w.s.m.m.a.RequestMappingHandlerMapping - Mapped "{[/admin/sysdic/dicitem/batadd]}" onto public org.springframework.web.servlet.ModelAndView com.ukefu.webim.web.handler.admin.system.SysDicController.dicitembatadd(org.springframework.ui.ModelMap,javax.servlet.http.HttpServletRequest,java.lang.String,java.lang.String)
2017-04-20 09:12:32.590 [main] INFO  o.s.w.s.m.m.a.RequestMappingHandlerMapping - Mapped "{[/admin/sysdic/dicitem/batsave]}" onto public org.springframework.web.servlet.ModelAndView com.ukefu.webim.web.handler.admin.system.SysDicController.dicitembatsave(javax.servlet.http.HttpServletRequest,com.ukefu.webim.web.model.SysDic,java.lang.String,java.lang.String)
2017-04-20 09:12:32.591 [main] INFO  o.s.w.s.m.m.a.RequestMappingHandlerMapping - Mapped "{[/admin/sysdic/dicitem/edit]}" onto public org.springframework.web.servlet.ModelAndView com.ukefu.webim.web.handler.admin.system.SysDicController.dicitemedit(org.springframework.ui.ModelMap,javax.servlet.http.HttpServletRequest,java.lang.String,java.lang.String)
2017-04-20 09:12:32.591 [main] INFO  o.s.w.s.m.m.a.RequestMappingHandlerMapping - Mapped "{[/admin/sysdic/dicitem/update]}" onto public org.springframework.web.servlet.ModelAndView com.ukefu.webim.web.handler.admin.system.SysDicController.dicitemupdate(javax.servlet.http.HttpServletRequest,com.ukefu.webim.web.model.SysDic,java.lang.String)
2017-04-20 09:12:32.591 [main] INFO  o.s.w.s.m.m.a.RequestMappingHandlerMapping - Mapped "{[/admin/sysdic/dicitem/delete]}" onto public org.springframework.web.servlet.ModelAndView com.ukefu.webim.web.handler.admin.system.SysDicController.dicitemdelete(org.springframework.ui.ModelMap,javax.servlet.http.HttpServletRequest,java.lang.String,java.lang.String)
2017-04-20 09:12:32.592 [main] INFO  o.s.w.s.m.m.a.RequestMappingHandlerMapping - Mapped "{[/admin/user/index]}" onto public org.springframework.web.servlet.ModelAndView com.ukefu.webim.web.handler.admin.users.UsersController.index(org.springframework.ui.ModelMap,javax.servlet.http.HttpServletRequest) throws java.io.FileNotFoundException,java.io.IOException
2017-04-20 09:12:32.593 [main] INFO  o.s.w.s.m.m.a.RequestMappingHandlerMapping - Mapped "{[/admin/user/add]}" onto public org.springframework.web.servlet.ModelAndView com.ukefu.webim.web.handler.admin.users.UsersController.add(org.springframework.ui.ModelMap,javax.servlet.http.HttpServletRequest)
2017-04-20 09:12:32.593 [main] INFO  o.s.w.s.m.m.a.RequestMappingHandlerMapping - Mapped "{[/admin/user/update]}" onto public org.springframework.web.servlet.ModelAndView com.ukefu.webim.web.handler.admin.users.UsersController.update(javax.servlet.http.HttpServletRequest,com.ukefu.webim.web.model.User)
2017-04-20 09:12:32.593 [main] INFO  o.s.w.s.m.m.a.RequestMappingHandlerMapping - Mapped "{[/admin/user/delete]}" onto public org.springframework.web.servlet.ModelAndView com.ukefu.webim.web.handler.admin.users.UsersController.delete(javax.servlet.http.HttpServletRequest,com.ukefu.webim.web.model.User)
2017-04-20 09:12:32.593 [main] INFO  o.s.w.s.m.m.a.RequestMappingHandlerMapping - Mapped "{[/admin/user/save]}" onto public org.springframework.web.servlet.ModelAndView com.ukefu.webim.web.handler.admin.users.UsersController.save(javax.servlet.http.HttpServletRequest,com.ukefu.webim.web.model.User)
2017-04-20 09:12:32.593 [main] INFO  o.s.w.s.m.m.a.RequestMappingHandlerMapping - Mapped "{[/admin/user/edit]}" onto public org.springframework.web.servlet.ModelAndView com.ukefu.webim.web.handler.admin.users.UsersController.edit(org.springframework.ui.ModelMap,java.lang.String)
2017-04-20 09:12:32.594 [main] INFO  o.s.w.s.m.m.a.RequestMappingHandlerMapping - Mapped "{[/admin/webim/index]}" onto public org.springframework.web.servlet.ModelAndView com.ukefu.webim.web.handler.admin.webim.WebIMController.index(org.springframework.ui.ModelMap,javax.servlet.http.HttpServletRequest)
2017-04-20 09:12:32.594 [main] INFO  o.s.w.s.m.m.a.RequestMappingHandlerMapping - Mapped "{[/admin/webim/profile]}" onto public org.springframework.web.servlet.ModelAndView com.ukefu.webim.web.handler.admin.webim.WebIMController.profile(org.springframework.ui.ModelMap,javax.servlet.http.HttpServletRequest)
2017-04-20 09:12:32.594 [main] INFO  o.s.w.s.m.m.a.RequestMappingHandlerMapping - Mapped "{[/admin/webim/save]}" onto public org.springframework.web.servlet.ModelAndView com.ukefu.webim.web.handler.admin.webim.WebIMController.save(javax.servlet.http.HttpServletRequest,com.ukefu.webim.web.model.CousultInvite,org.springframework.web.multipart.MultipartFile,org.springframework.web.multipart.MultipartFile) throws java.io.IOException
2017-04-20 09:12:32.594 [main] INFO  o.s.w.s.m.m.a.RequestMappingHandlerMapping - Mapped "{[/admin/webim/profile/save]}" onto public org.springframework.web.servlet.ModelAndView com.ukefu.webim.web.handler.admin.webim.WebIMController.saveprofile(javax.servlet.http.HttpServletRequest,com.ukefu.webim.web.model.CousultInvite,org.springframework.web.multipart.MultipartFile) throws java.io.IOException
2017-04-20 09:12:32.595 [main] INFO  o.s.w.s.m.m.a.RequestMappingHandlerMapping - Mapped "{[/admin/webim/invote]}" onto public org.springframework.web.servlet.ModelAndView com.ukefu.webim.web.handler.admin.webim.WebIMController.invote(org.springframework.ui.ModelMap,javax.servlet.http.HttpServletRequest)
2017-04-20 09:12:32.595 [main] INFO  o.s.w.s.m.m.a.RequestMappingHandlerMapping - Mapped "{[/admin/webim/invote/save]}" onto public org.springframework.web.servlet.ModelAndView com.ukefu.webim.web.handler.admin.webim.WebIMController.saveinvote(javax.servlet.http.HttpServletRequest,com.ukefu.webim.web.model.CousultInvite,org.springframework.web.multipart.MultipartFile) throws java.io.IOException
2017-04-20 09:12:32.595 [main] INFO  o.s.w.s.m.m.a.RequestMappingHandlerMapping - Mapped "{[/]}" onto public org.springframework.web.servlet.ModelAndView com.ukefu.webim.web.handler.ApplicationController.admin(javax.servlet.http.HttpServletRequest)
2017-04-20 09:12:32.596 [main] INFO  o.s.w.s.m.m.a.RequestMappingHandlerMapping - Mapped "{[/agent/ready]}" onto public org.springframework.web.servlet.ModelAndView com.ukefu.webim.web.handler.apps.agent.AgentController.ready(javax.servlet.http.HttpServletRequest)
2017-04-20 09:12:32.596 [main] INFO  o.s.w.s.m.m.a.RequestMappingHandlerMapping - Mapped "{[/agent/index]}" onto public org.springframework.web.servlet.ModelAndView com.ukefu.webim.web.handler.apps.agent.AgentController.index(javax.servlet.http.HttpServletRequest)
2017-04-20 09:12:32.596 [main] INFO  o.s.w.s.m.m.a.RequestMappingHandlerMapping - Mapped "{[/agent/clean]}" onto public org.springframework.web.servlet.ModelAndView com.ukefu.webim.web.handler.apps.agent.AgentController.clean(javax.servlet.http.HttpServletRequest) throws java.lang.Exception
2017-04-20 09:12:32.597 [main] INFO  o.s.w.s.m.m.a.RequestMappingHandlerMapping - Mapped "{[/agent/end]}" onto public org.springframework.web.servlet.ModelAndView com.ukefu.webim.web.handler.apps.agent.AgentController.end(javax.servlet.http.HttpServletRequest,java.lang.String) throws java.lang.Exception
2017-04-20 09:12:32.597 [main] INFO  o.s.w.s.m.m.a.RequestMappingHandlerMapping - Mapped "{[/agent/agentusers]}" onto public org.springframework.web.servlet.ModelAndView com.ukefu.webim.web.handler.apps.agent.AgentController.agentusers(javax.servlet.http.HttpServletRequest,java.lang.String)
2017-04-20 09:12:32.597 [main] INFO  o.s.w.s.m.m.a.RequestMappingHandlerMapping - Mapped "{[/agent/agentuser]}" onto public org.springframework.web.servlet.ModelAndView com.ukefu.webim.web.handler.apps.agent.AgentController.agentuser(javax.servlet.http.HttpServletRequest,java.lang.String)
2017-04-20 09:12:32.597 [main] INFO  o.s.w.s.m.m.a.RequestMappingHandlerMapping - Mapped "{[/agent/notready]}" onto public org.springframework.web.servlet.ModelAndView com.ukefu.webim.web.handler.apps.agent.AgentController.notready(javax.servlet.http.HttpServletRequest)
2017-04-20 09:12:32.597 [main] INFO  o.s.w.s.m.m.a.RequestMappingHandlerMapping - Mapped "{[/agent/readmsg]}" onto public org.springframework.web.servlet.ModelAndView com.ukefu.webim.web.handler.apps.agent.AgentController.readmsg(javax.servlet.http.HttpServletRequest,java.lang.String) throws java.lang.Exception
2017-04-20 09:12:32.597 [main] INFO  o.s.w.s.m.m.a.RequestMappingHandlerMapping - Mapped "{[/agent/blacklist]}" onto public org.springframework.web.servlet.ModelAndView com.ukefu.webim.web.handler.apps.agent.AgentController.blacklist(javax.servlet.http.HttpServletRequest,java.lang.String,java.lang.String,java.lang.String,com.ukefu.webim.web.model.BlackEntity) throws java.lang.Exception
2017-04-20 09:12:32.598 [main] INFO  o.s.w.s.m.m.a.RequestMappingHandlerMapping - Mapped "{[/agent/tagrelation]}" onto public org.springframework.web.servlet.ModelAndView com.ukefu.webim.web.handler.apps.agent.AgentController.tagrelation(org.springframework.ui.ModelMap,javax.servlet.http.HttpServletRequest,java.lang.String,java.lang.String,java.lang.String)
2017-04-20 09:12:32.598 [main] INFO  o.s.w.s.m.m.a.RequestMappingHandlerMapping - Mapped "{[/agent/image/upload]}" onto public org.springframework.web.servlet.ModelAndView com.ukefu.webim.web.handler.apps.agent.AgentController.upload(org.springframework.ui.ModelMap,javax.servlet.http.HttpServletRequest,org.springframework.web.multipart.MultipartFile,java.lang.String) throws java.io.IOException
2017-04-20 09:12:32.599 [main] INFO  o.s.w.s.m.m.a.RequestMappingHandlerMapping - Mapped "{[/apps/profile]}" onto public org.springframework.web.servlet.ModelAndView com.ukefu.webim.web.handler.apps.AppsController.profile(org.springframework.ui.ModelMap,javax.servlet.http.HttpServletRequest)
2017-04-20 09:12:32.599 [main] INFO  o.s.w.s.m.m.a.RequestMappingHandlerMapping - Mapped "{[/apps/profile/save]}" onto public org.springframework.web.servlet.ModelAndView com.ukefu.webim.web.handler.apps.AppsController.profile(org.springframework.ui.ModelMap,javax.servlet.http.HttpServletRequest,com.ukefu.webim.web.model.User)
2017-04-20 09:12:32.599 [main] INFO  o.s.w.s.m.m.a.RequestMappingHandlerMapping - Mapped "{[/apps/content]}" onto public org.springframework.web.servlet.ModelAndView com.ukefu.webim.web.handler.apps.AppsController.content(org.springframework.ui.ModelMap,javax.servlet.http.HttpServletRequest)
2017-04-20 09:12:32.599 [main] INFO  o.s.w.s.m.m.a.RequestMappingHandlerMapping - Mapped "{[/apps/onlineuser]}" onto public org.springframework.web.servlet.ModelAndView com.ukefu.webim.web.handler.apps.AppsController.onlineuser(org.springframework.ui.ModelMap,javax.servlet.http.HttpServletRequest)
2017-04-20 09:12:32.599 [main] INFO  o.s.w.s.m.m.a.RequestMappingHandlerMapping - Mapped "{[/apps/invite]}" onto public org.springframework.web.servlet.ModelAndView com.ukefu.webim.web.handler.apps.AppsController.invite(org.springframework.ui.ModelMap,javax.servlet.http.HttpServletRequest,java.lang.String) throws java.lang.Exception
2017-04-20 09:12:32.600 [main] INFO  o.s.w.s.m.m.a.RequestMappingHandlerMapping - Mapped "{[/im/index]}" onto public org.springframework.web.servlet.ModelAndView com.ukefu.webim.web.handler.apps.internet.IMController.index(javax.servlet.http.HttpServletRequest,javax.servlet.http.HttpServletResponse,java.lang.String,java.lang.String,java.lang.String,java.lang.String) throws java.lang.Exception
2017-04-20 09:12:32.601 [main] INFO  o.s.w.s.m.m.a.RequestMappingHandlerMapping - Mapped "{[/im/online]}" onto public org.springframework.web.servlet.mvc.method.annotation.SseEmitter com.ukefu.webim.web.handler.apps.internet.IMController.callable(javax.servlet.http.HttpServletRequest,javax.servlet.http.HttpServletResponse,java.lang.String,java.lang.String,java.lang.String,java.lang.String,java.lang.String)
2017-04-20 09:12:32.601 [main] INFO  o.s.w.s.m.m.a.RequestMappingHandlerMapping - Mapped "{[/im/image/upload]}" onto public org.springframework.web.servlet.ModelAndView com.ukefu.webim.web.handler.apps.internet.IMController.upload(org.springframework.ui.ModelMap,javax.servlet.http.HttpServletRequest,org.springframework.web.multipart.MultipartFile,java.lang.String) throws java.io.IOException
2017-04-20 09:12:32.601 [main] INFO  o.s.w.s.m.m.a.RequestMappingHandlerMapping - Mapped "{[/im/{id}]}" onto public org.springframework.web.servlet.ModelAndView com.ukefu.webim.web.handler.apps.internet.IMController.point(javax.servlet.http.HttpServletRequest,javax.servlet.http.HttpServletResponse,java.lang.String,java.lang.String,java.lang.String,java.lang.String)
2017-04-20 09:12:32.601 [main] INFO  o.s.w.s.m.m.a.RequestMappingHandlerMapping - Mapped "{[/im/chat]}" onto public java.util.Map<java.lang.String, java.lang.Object> com.ukefu.webim.web.handler.apps.internet.IMController.chat(javax.servlet.http.HttpServletRequest,javax.servlet.http.HttpServletResponse,java.lang.String,java.lang.String,java.lang.String,java.lang.String)
2017-04-20 09:12:32.601 [main] INFO  o.s.w.s.m.m.a.RequestMappingHandlerMapping - Mapped "{[/im/refuse]}" onto public void com.ukefu.webim.web.handler.apps.internet.IMController.refuse(javax.servlet.http.HttpServletRequest,javax.servlet.http.HttpServletResponse,java.lang.String,java.lang.String,java.lang.String,java.lang.String,java.lang.String) throws java.lang.Exception
2017-04-20 09:12:32.602 [main] INFO  o.s.w.s.m.m.a.RequestMappingHandlerMapping - Mapped "{[/message/ping]}" onto public org.springframework.web.servlet.ModelAndView com.ukefu.webim.web.handler.apps.message.MessageController.ping(org.springframework.ui.ModelMap,javax.servlet.http.HttpServletRequest)
2017-04-20 09:12:32.603 [main] INFO  o.s.w.s.m.m.a.RequestMappingHandlerMapping - Mapped "{[/service/history/index]}" onto public org.springframework.web.servlet.ModelAndView com.ukefu.webim.web.handler.apps.service.ChatServiceController.index(org.springframework.ui.ModelMap,javax.servlet.http.HttpServletRequest)
2017-04-20 09:12:32.603 [main] INFO  o.s.w.s.m.m.a.RequestMappingHandlerMapping - Mapped "{[/service/current/index]}" onto public org.springframework.web.servlet.ModelAndView com.ukefu.webim.web.handler.apps.service.ChatServiceController.current(org.springframework.ui.ModelMap,javax.servlet.http.HttpServletRequest)
2017-04-20 09:12:32.603 [main] INFO  o.s.w.s.m.m.a.RequestMappingHandlerMapping - Mapped "{[/service/user/index]}" onto public org.springframework.web.servlet.ModelAndView com.ukefu.webim.web.handler.apps.service.ChatServiceController.user(org.springframework.ui.ModelMap,javax.servlet.http.HttpServletRequest)
2017-04-20 09:12:32.603 [main] INFO  o.s.w.s.m.m.a.RequestMappingHandlerMapping - Mapped "{[/service/agent/index]}" onto public org.springframework.web.servlet.ModelAndView com.ukefu.webim.web.handler.apps.service.ChatServiceController.agent(org.springframework.ui.ModelMap,javax.servlet.http.HttpServletRequest)
2017-04-20 09:12:32.604 [main] INFO  o.s.w.s.m.m.a.RequestMappingHandlerMapping - Mapped "{[/service/agent/offline]}" onto public org.springframework.web.servlet.ModelAndView com.ukefu.webim.web.handler.apps.service.ChatServiceController.offline(org.springframework.ui.ModelMap,javax.servlet.http.HttpServletRequest,java.lang.String)
2017-04-20 09:12:32.604 [main] INFO  o.s.w.s.m.m.a.RequestMappingHandlerMapping - Mapped "{[/service/quene/index]}" onto public org.springframework.web.servlet.ModelAndView com.ukefu.webim.web.handler.apps.service.ChatServiceController.quene(org.springframework.ui.ModelMap,javax.servlet.http.HttpServletRequest)
2017-04-20 09:12:32.604 [main] INFO  o.s.w.s.m.m.a.RequestMappingHandlerMapping - Mapped "{[/service/online/index]}" onto public org.springframework.web.servlet.ModelAndView com.ukefu.webim.web.handler.apps.service.OnlineUserController.index(org.springframework.ui.ModelMap,javax.servlet.http.HttpServletRequest,java.lang.String,java.lang.String)
2017-04-20 09:12:32.604 [main] INFO  o.s.w.s.m.m.a.RequestMappingHandlerMapping - Mapped "{[/service/online/chatmsg]}" onto public org.springframework.web.servlet.ModelAndView com.ukefu.webim.web.handler.apps.service.OnlineUserController.onlinechat(org.springframework.ui.ModelMap,javax.servlet.http.HttpServletRequest,java.lang.String)
2017-04-20 09:12:32.606 [main] INFO  o.s.w.s.m.m.a.RequestMappingHandlerMapping - Mapped "{[/setting/agent/index]}" onto public org.springframework.web.servlet.ModelAndView com.ukefu.webim.web.handler.apps.setting.IMAgentController.index(org.springframework.ui.ModelMap,javax.servlet.http.HttpServletRequest)
2017-04-20 09:12:32.607 [main] INFO  o.s.w.s.m.m.a.RequestMappingHandlerMapping - Mapped "{[/setting/tag]}" onto public org.springframework.web.servlet.ModelAndView com.ukefu.webim.web.handler.apps.setting.IMAgentController.tag(org.springframework.ui.ModelMap,javax.servlet.http.HttpServletRequest,java.lang.String)
2017-04-20 09:12:32.608 [main] INFO  o.s.w.s.m.m.a.RequestMappingHandlerMapping - Mapped "{[/setting/blacklist]}" onto public org.springframework.web.servlet.ModelAndView com.ukefu.webim.web.handler.apps.setting.IMAgentController.blacklist(org.springframework.ui.ModelMap,javax.servlet.http.HttpServletRequest)
2017-04-20 09:12:32.608 [main] INFO  o.s.w.s.m.m.a.RequestMappingHandlerMapping - Mapped "{[/setting/agent/sessionconfig/save]}" onto public org.springframework.web.servlet.ModelAndView com.ukefu.webim.web.handler.apps.setting.IMAgentController.sessionconfig(org.springframework.ui.ModelMap,javax.servlet.http.HttpServletRequest,com.ukefu.webim.web.model.SessionConfig)
2017-04-20 09:12:32.608 [main] INFO  o.s.w.s.m.m.a.RequestMappingHandlerMapping - Mapped "{[/setting/blacklist/delete]}" onto public org.springframework.web.servlet.ModelAndView com.ukefu.webim.web.handler.apps.setting.IMAgentController.blacklistdelete(org.springframework.ui.ModelMap,javax.servlet.http.HttpServletRequest,java.lang.String)
2017-04-20 09:12:32.608 [main] INFO  o.s.w.s.m.m.a.RequestMappingHandlerMapping - Mapped "{[/setting/tag/add]}" onto public org.springframework.web.servlet.ModelAndView com.ukefu.webim.web.handler.apps.setting.IMAgentController.tagadd(org.springframework.ui.ModelMap,javax.servlet.http.HttpServletRequest,java.lang.String)
2017-04-20 09:12:32.608 [main] INFO  o.s.w.s.m.m.a.RequestMappingHandlerMapping - Mapped "{[/setting/tag/edit]}" onto public org.springframework.web.servlet.ModelAndView com.ukefu.webim.web.handler.apps.setting.IMAgentController.tagedit(org.springframework.ui.ModelMap,javax.servlet.http.HttpServletRequest,java.lang.String,java.lang.String)
2017-04-20 09:12:32.609 [main] INFO  o.s.w.s.m.m.a.RequestMappingHandlerMapping - Mapped "{[/setting/tag/update]}" onto public org.springframework.web.servlet.ModelAndView com.ukefu.webim.web.handler.apps.setting.IMAgentController.tagupdate(org.springframework.ui.ModelMap,javax.servlet.http.HttpServletRequest,com.ukefu.webim.web.model.Tag,java.lang.String)
2017-04-20 09:12:32.609 [main] INFO  o.s.w.s.m.m.a.RequestMappingHandlerMapping - Mapped "{[/setting/tag/save]}" onto public org.springframework.web.servlet.ModelAndView com.ukefu.webim.web.handler.apps.setting.IMAgentController.tagsave(org.springframework.ui.ModelMap,javax.servlet.http.HttpServletRequest,com.ukefu.webim.web.model.Tag,java.lang.String)
2017-04-20 09:12:32.609 [main] INFO  o.s.w.s.m.m.a.RequestMappingHandlerMapping - Mapped "{[/setting/tag/delete]}" onto public org.springframework.web.servlet.ModelAndView com.ukefu.webim.web.handler.apps.setting.IMAgentController.tagdelete(org.springframework.ui.ModelMap,javax.servlet.http.HttpServletRequest,java.lang.String,java.lang.String)
2017-04-20 09:12:32.609 [main] INFO  o.s.w.s.m.m.a.RequestMappingHandlerMapping - Mapped "{[/setting/acd]}" onto public org.springframework.web.servlet.ModelAndView com.ukefu.webim.web.handler.apps.setting.IMAgentController.acd(org.springframework.ui.ModelMap,javax.servlet.http.HttpServletRequest)
2017-04-20 09:12:32.609 [main] INFO  o.s.w.s.m.m.a.RequestMappingHandlerMapping - Mapped "{[/setting/quickreply]}" onto public org.springframework.web.servlet.ModelAndView com.ukefu.webim.web.handler.apps.setting.IMAgentController.kuaijie(org.springframework.ui.ModelMap,javax.servlet.http.HttpServletRequest)
2017-04-20 09:12:32.609 [main] INFO  o.s.w.s.m.m.a.RequestMappingHandlerMapping - Mapped "{[/setting/quickreply/add]}" onto public org.springframework.web.servlet.ModelAndView com.ukefu.webim.web.handler.apps.setting.IMAgentController.quickreplyadd(org.springframework.ui.ModelMap,javax.servlet.http.HttpServletRequest)
2017-04-20 09:12:32.610 [main] INFO  o.s.w.s.m.m.a.RequestMappingHandlerMapping - Mapped "{[/setting/quickreply/save]}" onto public org.springframework.web.servlet.ModelAndView com.ukefu.webim.web.handler.apps.setting.IMAgentController.quickreplysave(org.springframework.ui.ModelMap,javax.servlet.http.HttpServletRequest,com.ukefu.webim.web.model.QuickReply)
2017-04-20 09:12:32.610 [main] INFO  o.s.w.s.m.m.a.RequestMappingHandlerMapping - Mapped "{[/setting/quickreply/delete]}" onto public org.springframework.web.servlet.ModelAndView com.ukefu.webim.web.handler.apps.setting.IMAgentController.quickreplydelete(org.springframework.ui.ModelMap,javax.servlet.http.HttpServletRequest,java.lang.String)
2017-04-20 09:12:32.610 [main] INFO  o.s.w.s.m.m.a.RequestMappingHandlerMapping - Mapped "{[/setting/quickreply/edit]}" onto public org.springframework.web.servlet.ModelAndView com.ukefu.webim.web.handler.apps.setting.IMAgentController.quickreplyedit(org.springframework.ui.ModelMap,javax.servlet.http.HttpServletRequest,java.lang.String)
2017-04-20 09:12:32.610 [main] INFO  o.s.w.s.m.m.a.RequestMappingHandlerMapping - Mapped "{[/setting/quickreply/update]}" onto public org.springframework.web.servlet.ModelAndView com.ukefu.webim.web.handler.apps.setting.IMAgentController.quickreplyupdate(org.springframework.ui.ModelMap,javax.servlet.http.HttpServletRequest,com.ukefu.webim.web.model.QuickReply)
2017-04-20 09:12:32.611 [main] INFO  o.s.w.s.m.m.a.RequestMappingHandlerMapping - Mapped "{[/test/demo]}" onto public org.springframework.web.servlet.ModelAndView com.ukefu.webim.web.handler.apps.test.TestController.content(org.springframework.ui.ModelMap,javax.servlet.http.HttpServletRequest)
2017-04-20 09:12:32.611 [main] INFO  o.s.w.s.m.m.a.RequestMappingHandlerMapping - Mapped "{[/login],methods=[POST]}" onto public org.springframework.web.servlet.ModelAndView com.ukefu.webim.web.handler.LoginController.login(javax.servlet.http.HttpServletRequest,javax.servlet.http.HttpServletResponse,com.ukefu.webim.web.model.User,java.lang.String)
2017-04-20 09:12:32.611 [main] INFO  o.s.w.s.m.m.a.RequestMappingHandlerMapping - Mapped "{[/login],methods=[GET]}" onto public org.springframework.web.servlet.ModelAndView com.ukefu.webim.web.handler.LoginController.login(javax.servlet.http.HttpServletRequest,javax.servlet.http.HttpServletResponse,java.lang.String,java.lang.String)
2017-04-20 09:12:32.611 [main] INFO  o.s.w.s.m.m.a.RequestMappingHandlerMapping - Mapped "{[/logout]}" onto public java.lang.String com.ukefu.webim.web.handler.LoginController.logout(javax.servlet.http.HttpServletRequest)
2017-04-20 09:12:32.612 [main] INFO  o.s.w.s.m.m.a.RequestMappingHandlerMapping - Mapped "{[/res/css]}" onto public org.springframework.web.servlet.ModelAndView com.ukefu.webim.web.handler.resouce.CssResourceController.index(javax.servlet.http.HttpServletResponse,java.lang.String) throws java.io.IOException
2017-04-20 09:12:32.612 [main] INFO  o.s.w.s.m.m.a.RequestMappingHandlerMapping - Mapped "{[/res/image]}" onto public void com.ukefu.webim.web.handler.resouce.ImageController.index(javax.servlet.http.HttpServletResponse,java.lang.String) throws java.io.IOException
2017-04-20 09:12:32.612 [main] INFO  o.s.w.s.m.m.a.RequestMappingHandlerMapping - Mapped "{[/res/url]}" onto public void com.ukefu.webim.web.handler.resouce.ImageController.url(javax.servlet.http.HttpServletResponse,java.lang.String) throws java.io.IOException
2017-04-20 09:12:32.613 [main] INFO  o.s.w.s.m.m.a.RequestMappingHandlerMapping - Mapped "{[/res/image/upload]}" onto public org.springframework.web.servlet.ModelAndView com.ukefu.webim.web.handler.resouce.ImageController.upload(org.springframework.ui.ModelMap,javax.servlet.http.HttpServletRequest,org.springframework.web.multipart.MultipartFile) throws java.io.IOException
2017-04-20 09:12:32.613 [main] INFO  o.s.w.s.m.m.a.RequestMappingHandlerMapping - Mapped "{[/res/dic]}" onto public org.springframework.web.servlet.ModelAndView com.ukefu.webim.web.handler.resouce.SysDicResourceController.index(org.springframework.ui.ModelMap,javax.servlet.http.HttpServletResponse,java.lang.String,java.lang.String,java.lang.String,java.lang.String) throws java.io.IOException
2017-04-20 09:12:32.613 [main] INFO  o.s.w.s.m.m.a.RequestMappingHandlerMapping - Mapped "{[/res/users]}" onto public org.springframework.web.servlet.ModelAndView com.ukefu.webim.web.handler.resouce.UsersResourceController.add(org.springframework.ui.ModelMap,javax.servlet.http.HttpServletRequest,java.lang.String,java.lang.String)
2017-04-20 09:12:32.616 [main] INFO  o.s.w.s.m.m.a.RequestMappingHandlerMapping - Mapped "{[/error]}" onto public org.springframework.http.ResponseEntity<java.util.Map<java.lang.String, java.lang.Object>> org.springframework.boot.autoconfigure.web.BasicErrorController.error(javax.servlet.http.HttpServletRequest)
2017-04-20 09:12:32.616 [main] INFO  o.s.w.s.m.m.a.RequestMappingHandlerMapping - Mapped "{[/error],produces=[text/html]}" onto public org.springframework.web.servlet.ModelAndView org.springframework.boot.autoconfigure.web.BasicErrorController.errorHtml(javax.servlet.http.HttpServletRequest,javax.servlet.http.HttpServletResponse)
2017-04-20 09:12:32.662 [main] INFO  o.s.web.servlet.handler.SimpleUrlHandlerMapping - Mapped URL path [/webjars/**] onto handler of type [class org.springframework.web.servlet.resource.ResourceHttpRequestHandler]
2017-04-20 09:12:32.662 [main] INFO  o.s.web.servlet.handler.SimpleUrlHandlerMapping - Mapped URL path [/**] onto handler of type [class org.springframework.web.servlet.resource.ResourceHttpRequestHandler]
2017-04-20 09:12:32.738 [main] INFO  o.s.web.servlet.handler.SimpleUrlHandlerMapping - Mapped URL path [/**/favicon.ico] onto handler of type [class org.springframework.web.servlet.resource.ResourceHttpRequestHandler]
2017-04-20 09:12:33.726 [main] INFO  o.s.w.servlet.view.freemarker.FreeMarkerConfigurer - ClassTemplateLoader for Spring macros added to FreeMarker configuration
2017-04-20 09:12:34.093 [main] INFO  o.s.jmx.export.annotation.AnnotationMBeanExporter - Registering beans for JMX exposure on startup
2017-04-20 09:12:34.096 [main] INFO  o.s.jmx.export.annotation.AnnotationMBeanExporter - Bean with name 'dataSource' has been autodetected for JMX exposure
2017-04-20 09:12:34.103 [main] INFO  o.s.jmx.export.annotation.AnnotationMBeanExporter - Located MBean 'dataSource': registering with JMX server as MBean [com.alibaba.druid.pool:name=dataSource,type=DruidDataSource]
2017-04-20 09:12:34.729 [main] INFO  c.h.internal.partition.impl.PartitionStateManager - [192.168.0.109]:5701 [UCKeFu] [3.8] Initializing cluster partition table arrangement...
2017-04-20 09:12:35.069 [main] INFO  o.s.s.a.ScheduledAnnotationBeanPostProcessor - No TaskScheduler/ScheduledExecutorService bean found for scheduled processing
2017-04-20 09:12:35.982 [main] INFO  org.apache.coyote.http11.Http11NioProtocol - Initializing ProtocolHandler ["http-nio-880"]
2017-04-20 09:12:36.059 [main] INFO  org.apache.coyote.http11.Http11NioProtocol - Starting ProtocolHandler [http-nio-880]
2017-04-20 09:12:36.062 [main] INFO  org.apache.tomcat.util.net.NioSelectorPool - Using a shared selector for servlet write/read
2017-04-20 09:12:36.101 [main] INFO  o.s.b.c.e.tomcat.TomcatEmbeddedServletContainer - Tomcat started on port(s): 880 (http)
2017-04-20 09:12:36.105 [main] INFO  com.corundumstudio.socketio.SocketIOServer - Session store / pubsub factory used: MemoryStoreFactory (local session store only)
2017-04-20 09:12:36.657 [nioEventLoopGroup-2-1] INFO  com.corundumstudio.socketio.SocketIOServer - SocketIO server started at port: 8081
2017-04-20 09:12:36.657 [main] INFO  com.ukefu.webim.Application - Started Application in 25.684 seconds (JVM running for 27.016)
2017-04-20 10:34:04.439 [http-nio-880-exec-1] INFO  o.a.c.core.ContainerBase.[Tomcat].[localhost].[/] - Initializing Spring FrameworkServlet 'dispatcherServlet'
2017-04-20 10:34:04.440 [http-nio-880-exec-1] INFO  org.springframework.web.servlet.DispatcherServlet - FrameworkServlet 'dispatcherServlet': initialization started
2017-04-20 10:34:04.489 [http-nio-880-exec-1] INFO  org.springframework.web.servlet.DispatcherServlet - FrameworkServlet 'dispatcherServlet': initialization completed in 49 ms
2017-04-20 10:34:05.007 [http-nio-880-exec-7] INFO  org.apache.coyote.http11.Http11Processor - Error parsing HTTP request header
 Note: further occurrences of HTTP header parsing errors will be logged at DEBUG level.
java.lang.IllegalArgumentException: Invalid character found in method name. HTTP method names must be tokens
	at org.apache.coyote.http11.Http11InputBuffer.parseRequestLine(Http11InputBuffer.java:421)
	at org.apache.coyote.http11.Http11Processor.service(Http11Processor.java:667)
	at org.apache.coyote.AbstractProcessorLight.process(AbstractProcessorLight.java:66)
	at org.apache.coyote.AbstractProtocol$ConnectionHandler.process(AbstractProtocol.java:798)
	at org.apache.tomcat.util.net.NioEndpoint$SocketProcessor.doRun(NioEndpoint.java:1434)
	at org.apache.tomcat.util.net.SocketProcessorBase.run(SocketProcessorBase.java:49)
	at java.util.concurrent.ThreadPoolExecutor.runWorker(ThreadPoolExecutor.java:1142)
	at java.util.concurrent.ThreadPoolExecutor$Worker.run(ThreadPoolExecutor.java:617)
	at org.apache.tomcat.util.threads.TaskThread$WrappingRunnable.run(TaskThread.java:61)
	at java.lang.Thread.run(Thread.java:745)
